<?xml version="1.0" encoding="UTF-8"?>
<!-- Generated by org.testng.reporters.JUnitReportReporter -->
<testsuite hostname="PIL-L-L-21-032" failures="0" tests="10" name="testCases.StudentSuggest_Station_Detail" time="159.690" errors="0" timestamp="2021-07-26T11:14:45 IST" skipped="0">
  <testcase classname="testCases.StudentSuggest_Station_Detail" name="StationMenu" time="2.062"/>
  <system-out/>
  <testcase classname="testCases.StudentSuggest_Station_Detail" name="AddStation" time="2.287"/>
  <system-out/>
  <testcase classname="testCases.StudentSuggest_Station_Detail" name="AddValidation" time="12.469"/>
  <system-out/>
  <testcase classname="testCases.StudentSuggest_Station_Detail" name="VerifyExpand" time="4.404"/>
  <system-out/>
  <testcase classname="testCases.StudentSuggest_Station_Detail" name="VerifyAddStation" time="42.960"/>
  <system-out/>
  <testcase classname="testCases.StudentSuggest_Station_Detail" name="VerifyAddedStation" time="10.513"/>
  <system-out/>
  <testcase classname="testCases.StudentSuggest_Station_Detail" name="OpenEditStation" time="55.554"/>
  <system-out/>
  <testcase classname="testCases.StudentSuggest_Station_Detail" name="VerifyEditStationList" time="8.468"/>
  <system-out/>
  <testcase classname="testCases.StudentSuggest_Station_Detail" name="ClickDelete" time="14.461"/>
  <system-out/>
  <testcase classname="testCases.StudentSuggest_Station_Detail" name="VerifyDelete" time="6.512"/>
  <system-out/>
</testsuite> <!-- testCases.StudentSuggest_Station_Detail -->
