<?xml version="1.0" encoding="UTF-8"?>
<!-- Generated by org.testng.reporters.JUnitReportReporter -->
<testsuite hostname="PIL-L-L-21-032" failures="0" tests="3" name="testCases.StudentRoleSem_Allot_List" time="33.458" errors="0" timestamp="2021-08-03T13:07:21 IST" skipped="0">
  <testcase classname="testCases.StudentRoleSem_Allot_List" name="SemAllotMenu" time="2.370"/>
  <system-out/>
  <testcase classname="testCases.StudentRoleSem_Allot_List" name="clickEditGrievance" time="12.422"/>
  <system-out/>
  <testcase classname="testCases.StudentRoleSem_Allot_List" name="UpdateGrievance" time="18.666"/>
  <system-out/>
</testsuite> <!-- testCases.StudentRoleSem_Allot_List -->
