<?xml version="1.0" encoding="UTF-8"?>
<!-- Generated by org.testng.reporters.JUnitReportReporter -->
<testsuite hostname="PIL-L-L-21-032" failures="0" tests="11" name="testCases.AllStudent_Allot_List" time="121.102" errors="0" timestamp="2021-07-22T17:12:39 IST" skipped="0">
  <testcase classname="testCases.AllStudent_Allot_List" name="AllStudentMenu" time="5.112"/>
  <system-out/>
  <testcase classname="testCases.AllStudent_Allot_List" name="VerifyTotalSem1" time="5.202"/>
  <system-out/>
  <testcase classname="testCases.AllStudent_Allot_List" name="VerifyTotalSem2" time="5.209"/>
  <system-out/>
  <testcase classname="testCases.AllStudent_Allot_List" name="VerifyBothSemTotal" time="5.176"/>
  <system-out/>
  <testcase classname="testCases.AllStudent_Allot_List" name="VerifyFirstRow" time="5.157"/>
  <system-out/>
  <testcase classname="testCases.AllStudent_Allot_List" name="VerifySecondRow" time="5.160"/>
  <system-out/>
  <testcase classname="testCases.AllStudent_Allot_List" name="VerifyThirdRow" time="5.160"/>
  <system-out/>
  <testcase classname="testCases.AllStudent_Allot_List" name="VerifyFourthRow" time="5.682"/>
  <system-out/>
  <testcase classname="testCases.AllStudent_Allot_List" name="SelectPilani" time="24.250"/>
  <system-out/>
  <testcase classname="testCases.AllStudent_Allot_List" name="SelectHyderabad" time="31.529"/>
  <system-out/>
  <testcase classname="testCases.AllStudent_Allot_List" name="SelectGoa" time="23.465"/>
  <system-out/>
</testsuite> <!-- testCases.AllStudent_Allot_List -->
