<?xml version="1.0" encoding="UTF-8"?>
<!-- Generated by org.testng.reporters.JUnitReportReporter -->
<testsuite hostname="PIL-L-L-21-032" failures="0" tests="11" name="testCases.Suggest_Station_Detail" time="174.563" errors="0" timestamp="2021-07-21T10:44:18 IST" skipped="0">
  <testcase classname="testCases.Suggest_Station_Detail" name="StationMenu" time="2.768"/>
  <system-out/>
  <testcase classname="testCases.Suggest_Station_Detail" name="AddStation" time="12.594"/>
  <system-out/>
  <testcase classname="testCases.Suggest_Station_Detail" name="AddValidation" time="12.448"/>
  <system-out/>
  <testcase classname="testCases.Suggest_Station_Detail" name="VerifyExpand" time="4.313"/>
  <system-out/>
  <testcase classname="testCases.Suggest_Station_Detail" name="VerifyAddStation" time="42.442"/>
  <system-out/>
  <testcase classname="testCases.Suggest_Station_Detail" name="VerifyAddedStation" time="10.452"/>
  <system-out/>
  <testcase classname="testCases.Suggest_Station_Detail" name="OpenEditStation" time="55.407"/>
  <system-out/>
  <testcase classname="testCases.Suggest_Station_Detail" name="VerifyEditStationList" time="8.397"/>
  <system-out/>
  <testcase classname="testCases.Suggest_Station_Detail" name="ClickDelete" time="14.493"/>
  <system-out/>
  <testcase classname="testCases.Suggest_Station_Detail" name="VerifyDelete" time="6.441"/>
  <system-out/>
  <testcase classname="testCases.Suggest_Station_Detail" name="Signout" time="4.808"/>
  <system-out/>
</testsuite> <!-- testCases.Suggest_Station_Detail -->
