<?xml version="1.0" encoding="UTF-8"?>
<!-- Generated by org.testng.reporters.JUnitReportReporter -->
<testsuite hostname="PIL-L-L-21-032" failures="0" tests="6" name="testCases.AllotSuggest_Station_List" time="52.097" errors="0" timestamp="2021-07-22T17:12:39 IST" skipped="0">
  <testcase classname="testCases.AllotSuggest_Station_List" name="StationMenu" time="2.986"/>
  <system-out/>
  <testcase classname="testCases.AllotSuggest_Station_List" name="Verifysort" time="5.413"/>
  <system-out/>
  <testcase classname="testCases.AllotSuggest_Station_List" name="VerifyInvalidSearch" time="4.460"/>
  <system-out/>
  <testcase classname="testCases.AllotSuggest_Station_List" name="VerifyValidSearchStation" time="13.132"/>
  <system-out/>
  <testcase classname="testCases.AllotSuggest_Station_List" name="VerifyBDomain" time="12.854"/>
  <system-out/>
  <testcase classname="testCases.AllotSuggest_Station_List" name="VerifyParentCompany" time="13.252"/>
  <system-out/>
</testsuite> <!-- testCases.AllotSuggest_Station_List -->
