<?xml version="1.0" encoding="UTF-8"?>
<!-- Generated by org.testng.reporters.JUnitReportReporter -->
<testsuite hostname="PIL-L-L-21-032" failures="0" tests="6" name="testCases.PlanSuggest_Station_List" time="60.046" errors="0" timestamp="2021-07-22T16:49:58 IST" skipped="0">
  <testcase classname="testCases.PlanSuggest_Station_List" name="StationMenu" time="2.631"/>
  <system-out/>
  <testcase classname="testCases.PlanSuggest_Station_List" name="Verifysort" time="5.310"/>
  <system-out/>
  <testcase classname="testCases.PlanSuggest_Station_List" name="VerifyInvalidSearch" time="4.216"/>
  <system-out/>
  <testcase classname="testCases.PlanSuggest_Station_List" name="VerifyValidSearchStation" time="14.575"/>
  <system-out/>
  <testcase classname="testCases.PlanSuggest_Station_List" name="VerifyBDomain" time="16.558"/>
  <system-out/>
  <testcase classname="testCases.PlanSuggest_Station_List" name="VerifyParentCompany" time="16.756"/>
  <system-out/>
</testsuite> <!-- testCases.PlanSuggest_Station_List -->
