<?xml version="1.0" encoding="UTF-8"?>
<!-- Generated by org.testng.reporters.JUnitReportReporter -->
<testsuite hostname="PIL-L-L-21-032" failures="0" tests="16" name="testCases.Student_Data_List" time="156.194" errors="0" timestamp="2021-07-21T10:27:45 IST" skipped="0">
  <testcase classname="testCases.Student_Data_List" name="StudentDataMenu" time="4.311"/>
  <system-out/>
  <testcase classname="testCases.Student_Data_List" name="Verifysort" time="3.207"/>
  <system-out/>
  <testcase classname="testCases.Student_Data_List" name="VerifyInvalidSearch" time="4.222"/>
  <system-out/>
  <testcase classname="testCases.Student_Data_List" name="VerifyValidSearchStudent" time="12.445"/>
  <system-out/>
  <testcase classname="testCases.Student_Data_List" name="VerifyCampusID" time="10.388"/>
  <system-out/>
  <testcase classname="testCases.Student_Data_List" name="VerifyCampusName" time="10.368"/>
  <system-out/>
  <testcase classname="testCases.Student_Data_List" name="UploadValidation" time="12.461"/>
  <system-out/>
  <testcase classname="testCases.Student_Data_List" name="UploadValidStudent" time="17.818"/>
  <system-out/>
  <testcase classname="testCases.Student_Data_List" name="VerifyUploadedrecord" time="12.564"/>
  <system-out/>
  <testcase classname="testCases.Student_Data_List" name="ClickInactive" time="14.561"/>
  <system-out/>
  <testcase classname="testCases.Student_Data_List" name="VerifyInactive" time="6.227"/>
  <system-out/>
  <testcase classname="testCases.Student_Data_List" name="ClickActive" time="14.483"/>
  <system-out/>
  <testcase classname="testCases.Student_Data_List" name="VerifyActive" time="6.227"/>
  <system-out/>
  <testcase classname="testCases.Student_Data_List" name="ClickDelete" time="14.481"/>
  <system-out/>
  <testcase classname="testCases.Student_Data_List" name="VerifyDelete" time="8.267"/>
  <system-out/>
  <testcase classname="testCases.Student_Data_List" name="VerifyExport" time="4.164"/>
  <system-out/>
</testsuite> <!-- testCases.Student_Data_List -->
