<?xml version="1.0" encoding="UTF-8"?>
<!-- Generated by org.testng.reporters.JUnitReportReporter -->
<testsuite hostname="PIL-L-L-21-032" failures="0" tests="15" name="testCases.Project_List" time="310.996" errors="0" timestamp="2021-07-22T16:49:58 IST" skipped="0">
  <testcase classname="testCases.Project_List" name="ProblemBankMenu" time="0.493"/>
  <system-out/>
  <testcase classname="testCases.Project_List" name="AddGIProject" time="14.827"/>
  <system-out/>
  <testcase classname="testCases.Project_List" name="AddDisciplineProject" time="28.968"/>
  <system-out/>
  <testcase classname="testCases.Project_List" name="AddSkillSet" time="18.750"/>
  <system-out/>
  <testcase classname="testCases.Project_List" name="AddElective" time="12.889"/>
  <system-out/>
  <testcase classname="testCases.Project_List" name="AddFacility" time="50.779"/>
  <system-out/>
  <testcase classname="testCases.Project_List" name="DeletePB" time="19.059"/>
  <system-out/>
  <testcase classname="testCases.Project_List" name="EditPB" time="6.247"/>
  <system-out/>
  <testcase classname="testCases.Project_List" name="EditGIProject" time="23.063"/>
  <system-out/>
  <testcase classname="testCases.Project_List" name="EditDisciplineProject" time="22.924"/>
  <system-out/>
  <testcase classname="testCases.Project_List" name="EditSkillSet" time="18.864"/>
  <system-out/>
  <testcase classname="testCases.Project_List" name="EditElective" time="10.799"/>
  <system-out/>
  <testcase classname="testCases.Project_List" name="EditFacility" time="57.707"/>
  <system-out/>
  <testcase classname="testCases.Project_List" name="GoBackPBList" time="0.053"/>
  <system-out/>
  <testcase classname="testCases.Project_List" name="DeletePBank" time="25.574"/>
  <system-out/>
</testsuite> <!-- testCases.Project_List -->
