<?xml version="1.0" encoding="UTF-8"?>
<!-- Generated by org.testng.reporters.JUnitReportReporter -->
<testsuite hostname="PIL-L-L-21-032" failures="0" tests="11" name="testCases.PlanSuggest_Station_Detail" time="165.105" errors="0" timestamp="2021-07-22T16:49:58 IST" skipped="0">
  <testcase classname="testCases.PlanSuggest_Station_Detail" name="StationMenu" time="2.929"/>
  <system-out/>
  <testcase classname="testCases.PlanSuggest_Station_Detail" name="AddStation" time="2.242"/>
  <system-out/>
  <testcase classname="testCases.PlanSuggest_Station_Detail" name="AddValidation" time="12.434"/>
  <system-out/>
  <testcase classname="testCases.PlanSuggest_Station_Detail" name="VerifyExpand" time="4.451"/>
  <system-out/>
  <testcase classname="testCases.PlanSuggest_Station_Detail" name="VerifyAddStation" time="42.570"/>
  <system-out/>
  <testcase classname="testCases.PlanSuggest_Station_Detail" name="VerifyAddedStation" time="10.426"/>
  <system-out/>
  <testcase classname="testCases.PlanSuggest_Station_Detail" name="OpenEditStation" time="55.453"/>
  <system-out/>
  <testcase classname="testCases.PlanSuggest_Station_Detail" name="VerifyEditStationList" time="8.395"/>
  <system-out/>
  <testcase classname="testCases.PlanSuggest_Station_Detail" name="ClickDelete" time="14.407"/>
  <system-out/>
  <testcase classname="testCases.PlanSuggest_Station_Detail" name="VerifyDelete" time="6.837"/>
  <system-out/>
  <testcase classname="testCases.PlanSuggest_Station_Detail" name="Signout" time="4.961"/>
  <system-out/>
</testsuite> <!-- testCases.PlanSuggest_Station_Detail -->
