<?xml version="1.0" encoding="UTF-8"?>
<!-- Generated by org.testng.reporters.JUnitReportReporter -->
<testsuite hostname="PIL-L-L-21-032" failures="0" tests="6" name="testCases.Suggest_Station_List" time="75.093" errors="0" timestamp="2021-07-21T10:44:18 IST" skipped="0">
  <testcase classname="testCases.Suggest_Station_List" name="StationMenu" time="16.646"/>
  <system-out/>
  <testcase classname="testCases.Suggest_Station_List" name="Verifysort" time="5.336"/>
  <system-out/>
  <testcase classname="testCases.Suggest_Station_List" name="VerifyInvalidSearch" time="4.308"/>
  <system-out/>
  <testcase classname="testCases.Suggest_Station_List" name="VerifyValidSearchStation" time="14.912"/>
  <system-out/>
  <testcase classname="testCases.Suggest_Station_List" name="VerifyBDomain" time="16.836"/>
  <system-out/>
  <testcase classname="testCases.Suggest_Station_List" name="VerifyParentCompany" time="17.055"/>
  <system-out/>
</testsuite> <!-- testCases.Suggest_Station_List -->
