<?xml version="1.0" encoding="UTF-8"?>
<!-- Generated by org.testng.reporters.JUnitReportReporter -->
<testsuite hostname="PIL-L-L-21-032" failures="0" tests="9" name="testCases.StudentSem_Allot_List" time="90.099" errors="0" timestamp="2021-07-22T17:12:39 IST" skipped="0">
  <testcase classname="testCases.StudentSem_Allot_List" name="SSemAllotMenu" time="4.693"/>
  <system-out/>
  <testcase classname="testCases.StudentSem_Allot_List" name="Verifysort" time="5.563"/>
  <system-out/>
  <testcase classname="testCases.StudentSem_Allot_List" name="VerifyInvalidSearch" time="6.494"/>
  <system-out/>
  <testcase classname="testCases.StudentSem_Allot_List" name="VerifyValidSearchStudent" time="17.403"/>
  <system-out/>
  <testcase classname="testCases.StudentSem_Allot_List" name="VerifyValidSearchCampusID" time="17.600"/>
  <system-out/>
  <testcase classname="testCases.StudentSem_Allot_List" name="checkSemI" time="6.576"/>
  <system-out/>
  <testcase classname="testCases.StudentSem_Allot_List" name="checkSemII" time="5.213"/>
  <system-out/>
  <testcase classname="testCases.StudentSem_Allot_List" name="checkbothSem" time="7.489"/>
  <system-out/>
  <testcase classname="testCases.StudentSem_Allot_List" name="CheckUpdate" time="19.068"/>
  <system-out/>
</testsuite> <!-- testCases.StudentSem_Allot_List -->
