<?xml version="1.0" encoding="UTF-8"?>
<!-- Generated by org.testng.reporters.JUnitReportReporter -->
<testsuite hostname="PIL-L-L-21-032" failures="0" tests="4" name="testCases.Login" time="7.959" errors="0" timestamp="2021-08-03T13:07:21 IST" skipped="2">
  <testcase classname="testCases.Login" name="ValidUserandinvalidPass" time="0.034"/>
  <system-out/>
  <testcase classname="testCases.Login" name="ValidUserIdandPassword" time="7.925"/>
  <system-out/>
  <testcase classname="testCases.Login" name="invalidUserandPassword">
    <skipped/>
  </testcase> <!-- invalidUserandPassword -->
  <system-out/>
  <testcase classname="testCases.Login" name="invalidUserandvalidPassword">
    <skipped/>
  </testcase> <!-- invalidUserandvalidPassword -->
  <system-out/>
</testsuite> <!-- testCases.Login -->
