<?xml version="1.0" encoding="UTF-8"?>
<!-- Generated by org.testng.reporters.JUnitReportReporter -->
<testsuite hostname="PIL-L-L-21-032" failures="0" tests="14" name="testCases.Student_Profile_Detail" time="229.211" errors="0" timestamp="2021-07-29T11:28:39 IST" skipped="0">
  <testcase classname="testCases.Student_Profile_Detail" name="ProfileMenu" time="2.257"/>
  <system-out/>
  <testcase classname="testCases.Student_Profile_Detail" name="VerifyUploadPic" time="14.881"/>
  <system-out/>
  <testcase classname="testCases.Student_Profile_Detail" name="VerifyPersonalInfo" time="69.770"/>
  <system-out/>
  <testcase classname="testCases.Student_Profile_Detail" name="ViewBioData" time="12.670"/>
  <system-out/>
  <testcase classname="testCases.Student_Profile_Detail" name="AddAcademic" time="29.600"/>
  <system-out/>
  <testcase classname="testCases.Student_Profile_Detail" name="DeleteAcademic" time="4.689"/>
  <system-out/>
  <testcase classname="testCases.Student_Profile_Detail" name="AgainAcademic" time="22.331"/>
  <system-out/>
  <testcase classname="testCases.Student_Profile_Detail" name="MandatoryCheck" time="14.482"/>
  <system-out/>
  <testcase classname="testCases.Student_Profile_Detail" name="AddBioData" time="14.872"/>
  <system-out/>
  <testcase classname="testCases.Student_Profile_Detail" name="SortVCList" time="12.628"/>
  <system-out/>
  <testcase classname="testCases.Student_Profile_Detail" name="VCInvalidCheck" time="6.637"/>
  <system-out/>
  <testcase classname="testCases.Student_Profile_Detail" name="VerifyDesSearch" time="6.875"/>
  <system-out/>
  <testcase classname="testCases.Student_Profile_Detail" name="VerifySubjectSearch" time="8.764"/>
  <system-out/>
  <testcase classname="testCases.Student_Profile_Detail" name="VerifyResume" time="8.755"/>
  <system-out/>
</testsuite> <!-- testCases.Student_Profile_Detail -->
