<?xml version="1.0" encoding="UTF-8"?>
<!-- Generated by org.testng.reporters.JUnitReportReporter -->
<testsuite hostname="PIL-L-L-21-032" failures="0" tests="5" name="testCases.Semester_Allotment_List" time="49.491" errors="0" timestamp="2021-07-22T16:49:58 IST" skipped="0">
  <testcase classname="testCases.Semester_Allotment_List" name="SemAllotMenu" time="2.077"/>
  <system-out/>
  <testcase classname="testCases.Semester_Allotment_List" name="Verifysort" time="8.615"/>
  <system-out/>
  <testcase classname="testCases.Semester_Allotment_List" name="VerifyInvalidSearch" time="6.577"/>
  <system-out/>
  <testcase classname="testCases.Semester_Allotment_List" name="VerifyValidSearchAllot" time="15.124"/>
  <system-out/>
  <testcase classname="testCases.Semester_Allotment_List" name="VerifyValidSearchID" time="17.098"/>
  <system-out/>
</testsuite> <!-- testCases.Semester_Allotment_List -->
