<?xml version="1.0" encoding="UTF-8"?>
<!-- Generated by org.testng.reporters.JUnitReportReporter -->
<testsuite hostname="PIL-L-L-21-032" failures="0" tests="6" name="testCases.ManageFaculty_Detail" time="136.993" errors="0" timestamp="2021-07-21T10:27:45 IST" skipped="0">
  <testcase classname="testCases.ManageFaculty_Detail" name="ClickAddMFaculty" time="4.630"/>
  <system-out/>
  <testcase classname="testCases.ManageFaculty_Detail" name="AddMFacultyValidation" time="10.367"/>
  <system-out/>
  <testcase classname="testCases.ManageFaculty_Detail" name="AddNewFaculty" time="52.763"/>
  <system-out/>
  <testcase classname="testCases.ManageFaculty_Detail" name="VerifyNewFacultyList" time="8.600"/>
  <system-out/>
  <testcase classname="testCases.ManageFaculty_Detail" name="OpenEditFaculty" time="48.219"/>
  <system-out/>
  <testcase classname="testCases.ManageFaculty_Detail" name="VerifyEditFacultyList" time="12.414"/>
  <system-out/>
</testsuite> <!-- testCases.ManageFaculty_Detail -->
