<?xml version="1.0" encoding="UTF-8"?>
<!-- Generated by org.testng.reporters.JUnitReportReporter -->
<testsuite hostname="PIL-L-L-21-032" failures="0" tests="10" name="testCases.AllotSuggest_Station_Detail" time="164.528" errors="0" timestamp="2021-07-22T17:12:39 IST" skipped="0">
  <testcase classname="testCases.AllotSuggest_Station_Detail" name="StationMenu" time="2.781"/>
  <system-out/>
  <testcase classname="testCases.AllotSuggest_Station_Detail" name="AddStation" time="2.404"/>
  <system-out/>
  <testcase classname="testCases.AllotSuggest_Station_Detail" name="AddValidation" time="12.699"/>
  <system-out/>
  <testcase classname="testCases.AllotSuggest_Station_Detail" name="VerifyExpand" time="4.394"/>
  <system-out/>
  <testcase classname="testCases.AllotSuggest_Station_Detail" name="VerifyAddStation" time="44.489"/>
  <system-out/>
  <testcase classname="testCases.AllotSuggest_Station_Detail" name="VerifyAddedStation" time="10.809"/>
  <system-out/>
  <testcase classname="testCases.AllotSuggest_Station_Detail" name="OpenEditStation" time="57.085"/>
  <system-out/>
  <testcase classname="testCases.AllotSuggest_Station_Detail" name="VerifyEditStationList" time="8.651"/>
  <system-out/>
  <testcase classname="testCases.AllotSuggest_Station_Detail" name="ClickDelete" time="14.638"/>
  <system-out/>
  <testcase classname="testCases.AllotSuggest_Station_Detail" name="VerifyDelete" time="6.578"/>
  <system-out/>
</testsuite> <!-- testCases.AllotSuggest_Station_Detail -->
