<?xml version="1.0" encoding="UTF-8"?>
<!-- Generated by org.testng.reporters.JUnitReportReporter -->
<testsuite hostname="PIL-L-L-21-032" failures="0" tests="6" name="testCases.StudentSuggest_Station_List" time="51.356" errors="0" timestamp="2021-07-26T10:10:19 IST" skipped="0">
  <testcase classname="testCases.StudentSuggest_Station_List" name="StationMenu" time="2.387"/>
  <system-out/>
  <testcase classname="testCases.StudentSuggest_Station_List" name="Verifysort" time="5.415"/>
  <system-out/>
  <testcase classname="testCases.StudentSuggest_Station_List" name="VerifyInvalidSearch" time="4.450"/>
  <system-out/>
  <testcase classname="testCases.StudentSuggest_Station_List" name="VerifyValidSearchStation" time="13.100"/>
  <system-out/>
  <testcase classname="testCases.StudentSuggest_Station_List" name="VerifyBDomain" time="12.874"/>
  <system-out/>
  <testcase classname="testCases.StudentSuggest_Station_List" name="VerifyParentCompany" time="13.130"/>
  <system-out/>
</testsuite> <!-- testCases.StudentSuggest_Station_List -->
