<?xml version="1.0" encoding="UTF-8"?>
<!-- Generated by org.testng.reporters.JUnitReportReporter -->
<testsuite hostname="PIL-L-L-21-032" failures="0" tests="1" name="testCases.dummy" time="12.431" errors="0" timestamp="2021-07-30T11:33:09 IST" skipped="0">
  <testcase classname="testCases.dummy" name="ProfileMenu" time="12.431"/>
  <system-out/>
</testsuite> <!-- testCases.dummy -->
