<?xml version="1.0" encoding="UTF-8"?>
<!-- Generated by org.testng.reporters.JUnitReportReporter -->
<testsuite hostname="PIL-L-L-21-032" failures="0" tests="6" name="testCases.ProblemBank_List" time="53.682" errors="0" timestamp="2021-07-22T16:49:58 IST" skipped="0">
  <testcase classname="testCases.ProblemBank_List" name="ProblemBankMenu" time="2.299"/>
  <system-out/>
  <testcase classname="testCases.ProblemBank_List" name="Verifysort" time="3.178"/>
  <system-out/>
  <testcase classname="testCases.ProblemBank_List" name="VerifyInvalidSearch" time="6.423"/>
  <system-out/>
  <testcase classname="testCases.ProblemBank_List" name="VerifyValidSearchStation" time="10.499"/>
  <system-out/>
  <testcase classname="testCases.ProblemBank_List" name="VerifyCity" time="14.538"/>
  <system-out/>
  <testcase classname="testCases.ProblemBank_List" name="VerifyBDomain" time="16.745"/>
  <system-out/>
</testsuite> <!-- testCases.ProblemBank_List -->
