<?xml version="1.0" encoding="UTF-8"?>
<!-- Generated by org.testng.reporters.JUnitReportReporter -->
<testsuite hostname="PIL-L-L-21-032" failures="0" tests="12" name="testCases.Student_Course_List" time="113.238" errors="0" timestamp="2021-07-21T10:27:45 IST" skipped="0">
  <testcase classname="testCases.Student_Course_List" name="ManageStudentMenu" time="4.321"/>
  <system-out/>
  <testcase classname="testCases.Student_Course_List" name="Verifysort" time="7.438"/>
  <system-out/>
  <testcase classname="testCases.Student_Course_List" name="VerifyInvalidSearch" time="4.241"/>
  <system-out/>
  <testcase classname="testCases.Student_Course_List" name="VerifyValidSearchStudent" time="12.473"/>
  <system-out/>
  <testcase classname="testCases.Student_Course_List" name="VerifyDescription" time="10.322"/>
  <system-out/>
  <testcase classname="testCases.Student_Course_List" name="VerifySubject" time="10.329"/>
  <system-out/>
  <testcase classname="testCases.Student_Course_List" name="UploadValidation" time="12.374"/>
  <system-out/>
  <testcase classname="testCases.Student_Course_List" name="UploadValidStudent" time="14.286"/>
  <system-out/>
  <testcase classname="testCases.Student_Course_List" name="VerifyUploadedrecord" time="8.368"/>
  <system-out/>
  <testcase classname="testCases.Student_Course_List" name="ClickDelete" time="14.516"/>
  <system-out/>
  <testcase classname="testCases.Student_Course_List" name="VerifyDelete" time="12.493"/>
  <system-out/>
  <testcase classname="testCases.Student_Course_List" name="VerifyExport" time="2.077"/>
  <system-out/>
</testsuite> <!-- testCases.Student_Course_List -->
